2012-02-12 15:14:46,015 [11] ERROR Web.Controllers.BaseController [(null)] - 无法对 null 引用执行运行时绑定
1.错误：
2.错误：Anonymously Hosted DynamicMethods Assembly
3.错误：   在 CallSite.Target(Closure , CallSite , Object )
   在 System.Dynamic.UpdateDelegates.UpdateAndExecute1[T0,TRet](CallSite site, T0 arg0)
   在 Web.Controllers.HomeController.OnActionExecuting(ActionExecutingContext filterContext) 位置 E:\资料程序\ming2882code\moresoft.web\Web\Controllers\HomeController.cs:行号 20
   在 System.Web.Mvc.Controller.System.Web.Mvc.IActionFilter.OnActionExecuting(ActionExecutingContext filterContext)
   在 System.Web.Mvc.ControllerActionInvoker.InvokeActionMethodFilter(IActionFilter filter, ActionExecutingContext preContext, Func`1 continuation)
   在 System.Web.Mvc.ControllerActionInvoker.<>c__DisplayClass15.<>c__DisplayClass17.<InvokeActionMethodWithFilters>b__14()
   在 System.Web.Mvc.ControllerActionInvoker.InvokeActionMethodWithFilters(ControllerContext controllerContext, IList`1 filters, ActionDescriptor actionDescriptor, IDictionary`2 parameters)
   在 System.Web.Mvc.ControllerActionInvoker.InvokeAction(ControllerContext controllerContext, String actionName)
4.错误：System.Object CallSite.Target(System.Runtime.CompilerServices.Closure, System.Runtime.CompilerServices.CallSite, System.Object)

游客----------------
2012-02-12 17:09:17,805 [15] ERROR Web.Controllers.BaseController [(null)] - 此请求已被阻止，因为当用在 GET 请求中时，会将敏感信息透漏给第三方网站。若要允许 GET 请求，请将 JsonRequestBehavior 设置为 AllowGet。
1.错误：
2.错误：System.Web.Mvc
3.错误：   在 System.Web.Mvc.JsonResult.ExecuteResult(ControllerContext context)
   在 System.Web.Mvc.ControllerActionInvoker.InvokeActionResult(ControllerContext controllerContext, ActionResult actionResult)
   在 System.Web.Mvc.ControllerActionInvoker.<>c__DisplayClass1c.<InvokeActionResultWithFilters>b__19()
   在 System.Web.Mvc.ControllerActionInvoker.InvokeActionResultFilter(IResultFilter filter, ResultExecutingContext preContext, Func`1 continuation)
   在 System.Web.Mvc.ControllerActionInvoker.<>c__DisplayClass1c.<>c__DisplayClass1e.<InvokeActionResultWithFilters>b__1b()
   在 System.Web.Mvc.ControllerActionInvoker.InvokeActionResultWithFilters(ControllerContext controllerContext, IList`1 filters, ActionResult actionResult)
   在 System.Web.Mvc.ControllerActionInvoker.InvokeAction(ControllerContext controllerContext, String actionName)
4.错误：Void ExecuteResult(System.Web.Mvc.ControllerContext)

游客----------------
2012-02-12 17:11:56,211 [8] ERROR Web.Controllers.BaseController [(null)] - 此请求已被阻止，因为当用在 GET 请求中时，会将敏感信息透漏给第三方网站。若要允许 GET 请求，请将 JsonRequestBehavior 设置为 AllowGet。
1.错误：
2.错误：System.Web.Mvc
3.错误：   在 System.Web.Mvc.JsonResult.ExecuteResult(ControllerContext context)
   在 System.Web.Mvc.ControllerActionInvoker.InvokeActionResult(ControllerContext controllerContext, ActionResult actionResult)
   在 System.Web.Mvc.ControllerActionInvoker.<>c__DisplayClass1c.<InvokeActionResultWithFilters>b__19()
   在 System.Web.Mvc.ControllerActionInvoker.InvokeActionResultFilter(IResultFilter filter, ResultExecutingContext preContext, Func`1 continuation)
   在 System.Web.Mvc.ControllerActionInvoker.<>c__DisplayClass1c.<>c__DisplayClass1e.<InvokeActionResultWithFilters>b__1b()
   在 System.Web.Mvc.ControllerActionInvoker.InvokeActionResultWithFilters(ControllerContext controllerContext, IList`1 filters, ActionResult actionResult)
   在 System.Web.Mvc.ControllerActionInvoker.InvokeAction(ControllerContext controllerContext, String actionName)
4.错误：Void ExecuteResult(System.Web.Mvc.ControllerContext)

游客----------------
2012-02-12 17:12:00,055 [20] ERROR Web.Controllers.BaseController [(null)] - 此请求已被阻止，因为当用在 GET 请求中时，会将敏感信息透漏给第三方网站。若要允许 GET 请求，请将 JsonRequestBehavior 设置为 AllowGet。
1.错误：
2.错误：System.Web.Mvc
3.错误：   在 System.Web.Mvc.JsonResult.ExecuteResult(ControllerContext context)
   在 System.Web.Mvc.ControllerActionInvoker.InvokeActionResult(ControllerContext controllerContext, ActionResult actionResult)
   在 System.Web.Mvc.ControllerActionInvoker.<>c__DisplayClass1c.<InvokeActionResultWithFilters>b__19()
   在 System.Web.Mvc.ControllerActionInvoker.InvokeActionResultFilter(IResultFilter filter, ResultExecutingContext preContext, Func`1 continuation)
   在 System.Web.Mvc.ControllerActionInvoker.<>c__DisplayClass1c.<>c__DisplayClass1e.<InvokeActionResultWithFilters>b__1b()
   在 System.Web.Mvc.ControllerActionInvoker.InvokeActionResultWithFilters(ControllerContext controllerContext, IList`1 filters, ActionResult actionResult)
   在 System.Web.Mvc.ControllerActionInvoker.InvokeAction(ControllerContext controllerContext, String actionName)
4.错误：Void ExecuteResult(System.Web.Mvc.ControllerContext)

游客----------------
2012-02-12 17:15:30,789 [19] ERROR Web.Controllers.BaseController [(null)] - 此请求已被阻止，因为当用在 GET 请求中时，会将敏感信息透漏给第三方网站。若要允许 GET 请求，请将 JsonRequestBehavior 设置为 AllowGet。
1.错误：
2.错误：System.Web.Mvc
3.错误：   在 System.Web.Mvc.JsonResult.ExecuteResult(ControllerContext context)
   在 System.Web.Mvc.ControllerActionInvoker.InvokeActionResult(ControllerContext controllerContext, ActionResult actionResult)
   在 System.Web.Mvc.ControllerActionInvoker.<>c__DisplayClass1c.<InvokeActionResultWithFilters>b__19()
   在 System.Web.Mvc.ControllerActionInvoker.InvokeActionResultFilter(IResultFilter filter, ResultExecutingContext preContext, Func`1 continuation)
   在 System.Web.Mvc.ControllerActionInvoker.<>c__DisplayClass1c.<>c__DisplayClass1e.<InvokeActionResultWithFilters>b__1b()
   在 System.Web.Mvc.ControllerActionInvoker.InvokeActionResultWithFilters(ControllerContext controllerContext, IList`1 filters, ActionResult actionResult)
   在 System.Web.Mvc.ControllerActionInvoker.InvokeAction(ControllerContext controllerContext, String actionName)
4.错误：Void ExecuteResult(System.Web.Mvc.ControllerContext)

游客----------------
2012-02-12 21:14:02,805 [10] ERROR MC.DAO.MyBatisHelper [(null)] - XML ID=MC.Model.Setting_set.Load
Unable to open connection to "Microsoft SQL Server 2005, provider V2.0.50215.0 in framework .NET V2.0".
   在 MyBatis.DataMapper.Session.DataMapperSession.OpenConnection()
   在 MyBatis.DataMapper.Data.DbCommandDecorator.System.Data.IDbCommand.ExecuteReader()
   在 MyBatis.DataMapper.MappedStatements.MappedStatement.RunQueryForObject[T](RequestScope request, ISession session, Object parameterObject, T resultObject)
   在 MyBatis.DataMapper.MappedStatements.MappedStatement.<>c__DisplayClassf`1.<ExecuteQueryForObject>b__e(RequestScope r, Object p)
   在 MyBatis.DataMapper.MappedStatements.MappedStatement.Execute[T](Object preEvent, Object postEvent, ISession session, Object parameterObject, Func`3 requestRunner)
   在 MyBatis.DataMapper.MappedStatements.MappedStatement.ExecuteQueryForObject[T](ISession session, Object parameterObject, T resultObject)
   在 MyBatis.DataMapper.DataMapper.QueryForObject[T](String statementId, Object parameterObject, T instanceObject)
   在 MyBatis.DataMapper.DataMapper.QueryForObject[T](String statementId, Object parameterObject)
   在 MC.DAO.DaoImpl.<>c__DisplayClass19`1.<GetItem>b__18() 位置 E:\资料程序\ming2882code\moresoft.web\MC.DAO\DaoImpl.cs:行号 373
   在 MC.DAO.DaoImpl.TryFunc[T](String xmlID, Func`1 func) 位置 E:\资料程序\ming2882code\moresoft.web\MC.DAO\DaoImpl.cs:行号 25

游客----------------
2012-02-12 21:14:03,117 [10] ERROR MC.DAO.MyBatisHelper [(null)] - XML ID=MC.Model.Link_lnk.Load
Unable to open connection to "Microsoft SQL Server 2005, provider V2.0.50215.0 in framework .NET V2.0".
   在 MyBatis.DataMapper.Session.DataMapperSession.OpenConnection()
   在 MyBatis.DataMapper.Data.DbCommandDecorator.System.Data.IDbCommand.ExecuteReader()
   在 MyBatis.DataMapper.MappedStatements.MappedStatement.RunQueryForList[T](RequestScope request, ISession session, Object parameterObject, IList`1 resultObject, RowDelegate`1 rowDelegate)
   在 MyBatis.DataMapper.MappedStatements.MappedStatement.<>c__DisplayClass24`1.<ExecuteQueryForList>b__23(RequestScope r, Object p)
   在 MyBatis.DataMapper.MappedStatements.MappedStatement.Execute[T](Object preEvent, Object postEvent, ISession session, Object parameterObject, Func`3 requestRunner)
   在 MyBatis.DataMapper.MappedStatements.MappedStatement.ExecuteQueryForList[T](ISession session, Object parameterObject)
   在 MyBatis.DataMapper.DataMapper.QueryForList[T](String statementId, Object parameterObject)
   在 MC.DAO.DaoImpl.<>c__DisplayClass7`1.<GetList>b__6() 位置 E:\资料程序\ming2882code\moresoft.web\MC.DAO\DaoImpl.cs:行号 124
   在 MC.DAO.DaoImpl.TryFunc[T](String xmlID, Func`1 func) 位置 E:\资料程序\ming2882code\moresoft.web\MC.DAO\DaoImpl.cs:行号 25

游客----------------
2012-02-12 21:14:03,180 [10] ERROR MC.Web.Controllers.BaseController [(null)] - 无法对 null 引用执行运行时绑定
1.错误：
2.错误：Anonymously Hosted DynamicMethods Assembly
3.错误：   在 CallSite.Target(Closure , CallSite , Object )
   在 System.Dynamic.UpdateDelegates.UpdateAndExecute1[T0,TRet](CallSite site, T0 arg0)
   在 MC.Web.Controllers.HomeController.OnActionExecuted(ActionExecutedContext filterContext) 位置 E:\资料程序\ming2882code\moresoft.web\MC.Web\Controllers\HomeController.cs:行号 20
   在 System.Web.Mvc.Controller.System.Web.Mvc.IActionFilter.OnActionExecuted(ActionExecutedContext filterContext)
   在 System.Web.Mvc.ControllerActionInvoker.InvokeActionMethodFilter(IActionFilter filter, ActionExecutingContext preContext, Func`1 continuation)
   在 System.Web.Mvc.ControllerActionInvoker.<>c__DisplayClass15.<>c__DisplayClass17.<InvokeActionMethodWithFilters>b__14()
   在 System.Web.Mvc.ControllerActionInvoker.InvokeActionMethodWithFilters(ControllerContext controllerContext, IList`1 filters, ActionDescriptor actionDescriptor, IDictionary`2 parameters)
   在 System.Web.Mvc.ControllerActionInvoker.InvokeAction(ControllerContext controllerContext, String actionName)
4.错误：System.Object CallSite.Target(System.Runtime.CompilerServices.Closure, System.Runtime.CompilerServices.CallSite, System.Object)

游客----------------
2012-02-12 21:14:46,678 [11] ERROR MC.DAO.MyBatisHelper [(null)] - XML ID=MC.Model.Setting_set.Load
Unable to open connection to "Microsoft SQL Server 2005, provider V2.0.50215.0 in framework .NET V2.0".
   在 MyBatis.DataMapper.Session.DataMapperSession.OpenConnection()
   在 MyBatis.DataMapper.Data.DbCommandDecorator.System.Data.IDbCommand.ExecuteReader()
   在 MyBatis.DataMapper.MappedStatements.MappedStatement.RunQueryForObject[T](RequestScope request, ISession session, Object parameterObject, T resultObject)
   在 MyBatis.DataMapper.MappedStatements.MappedStatement.<>c__DisplayClassf`1.<ExecuteQueryForObject>b__e(RequestScope r, Object p)
   在 MyBatis.DataMapper.MappedStatements.MappedStatement.Execute[T](Object preEvent, Object postEvent, ISession session, Object parameterObject, Func`3 requestRunner)
   在 MyBatis.DataMapper.MappedStatements.MappedStatement.ExecuteQueryForObject[T](ISession session, Object parameterObject, T resultObject)
   在 MyBatis.DataMapper.DataMapper.QueryForObject[T](String statementId, Object parameterObject, T instanceObject)
   在 MyBatis.DataMapper.DataMapper.QueryForObject[T](String statementId, Object parameterObject)
   在 MC.DAO.DaoImpl.<>c__DisplayClass19`1.<GetItem>b__18() 位置 E:\资料程序\ming2882code\moresoft.web\MC.DAO\DaoImpl.cs:行号 373
   在 MC.DAO.DaoImpl.TryFunc[T](String xmlID, Func`1 func) 位置 E:\资料程序\ming2882code\moresoft.web\MC.DAO\DaoImpl.cs:行号 25

游客----------------
2012-02-12 21:14:46,694 [11] ERROR MC.DAO.MyBatisHelper [(null)] - XML ID=MC.Model.Link_lnk.Load
Unable to open connection to "Microsoft SQL Server 2005, provider V2.0.50215.0 in framework .NET V2.0".
   在 MyBatis.DataMapper.Session.DataMapperSession.OpenConnection()
   在 MyBatis.DataMapper.Data.DbCommandDecorator.System.Data.IDbCommand.ExecuteReader()
   在 MyBatis.DataMapper.MappedStatements.MappedStatement.RunQueryForList[T](RequestScope request, ISession session, Object parameterObject, IList`1 resultObject, RowDelegate`1 rowDelegate)
   在 MyBatis.DataMapper.MappedStatements.MappedStatement.<>c__DisplayClass24`1.<ExecuteQueryForList>b__23(RequestScope r, Object p)
   在 MyBatis.DataMapper.MappedStatements.MappedStatement.Execute[T](Object preEvent, Object postEvent, ISession session, Object parameterObject, Func`3 requestRunner)
   在 MyBatis.DataMapper.MappedStatements.MappedStatement.ExecuteQueryForList[T](ISession session, Object parameterObject)
   在 MyBatis.DataMapper.DataMapper.QueryForList[T](String statementId, Object parameterObject)
   在 MC.DAO.DaoImpl.<>c__DisplayClass7`1.<GetList>b__6() 位置 E:\资料程序\ming2882code\moresoft.web\MC.DAO\DaoImpl.cs:行号 124
   在 MC.DAO.DaoImpl.TryFunc[T](String xmlID, Func`1 func) 位置 E:\资料程序\ming2882code\moresoft.web\MC.DAO\DaoImpl.cs:行号 25

游客----------------
2012-02-12 21:14:46,694 [11] ERROR MC.Web.Controllers.BaseController [(null)] - 无法对 null 引用执行运行时绑定
1.错误：
2.错误：Anonymously Hosted DynamicMethods Assembly
3.错误：   在 CallSite.Target(Closure , CallSite , Object )
   在 MC.Web.Controllers.HomeController.OnActionExecuted(ActionExecutedContext filterContext) 位置 E:\资料程序\ming2882code\moresoft.web\MC.Web\Controllers\HomeController.cs:行号 20
   在 System.Web.Mvc.Controller.System.Web.Mvc.IActionFilter.OnActionExecuted(ActionExecutedContext filterContext)
   在 System.Web.Mvc.ControllerActionInvoker.InvokeActionMethodFilter(IActionFilter filter, ActionExecutingContext preContext, Func`1 continuation)
   在 System.Web.Mvc.ControllerActionInvoker.<>c__DisplayClass15.<>c__DisplayClass17.<InvokeActionMethodWithFilters>b__14()
   在 System.Web.Mvc.ControllerActionInvoker.InvokeActionMethodWithFilters(ControllerContext controllerContext, IList`1 filters, ActionDescriptor actionDescriptor, IDictionary`2 parameters)
   在 System.Web.Mvc.ControllerActionInvoker.InvokeAction(ControllerContext controllerContext, String actionName)
4.错误：System.Object CallSite.Target(System.Runtime.CompilerServices.Closure, System.Runtime.CompilerServices.CallSite, System.Object)

游客----------------
